Build started 18/03/2020 15:33:40.
     1>Project "C:\Users\grigo\Desktop\BSc Games Programming\Year 1\Dai-Makai-Mura\Dai Makai Mura.vcxproj" on node 2 (Build target(s)).
     1>ClCompile:
         C:\Program Files (x86)\Microsoft Visual Studio 11.0\VC\bin\CL.exe /c /I"C:\Users\grigo\Desktop\BSc Games Programming\Year 1\Dai-Makai-Mura\SFMLibrary\include" /Zi /nologo /W3 /WX- /Od /Oy- /D WIN32 /D _DEBUG /D _WINDOWS /Gm /EHsc /RTC1 /MDd /GS /fp:precise /Zc:wchar_t /Zc:forScope /Fo"Debug\\" /Fd"Debug\vc110.pdb" /Gd /TP /analyze- /errorReport:prompt src\main\cpp\App.cpp src\main\cpp\screen\GameMenuScreen.cpp src\main\cpp\screen\SplashScreen.cpp
         SplashScreen.cpp
     1>src\main\cpp\screen\SplashScreen.cpp(47): warning C4244: 'argument' : conversion from 'unsigned int' to 'float', possible loss of data
     1>src\main\cpp\screen\SplashScreen.cpp(50): warning C4305: 'argument' : truncation from 'double' to 'float'
         GameMenuScreen.cpp
     1>src\main\cpp\screen\GameMenuScreen.cpp(43): warning C4244: 'argument' : conversion from 'unsigned int' to 'float', possible loss of data
         App.cpp
         Generating Code...
       Link:
         C:\Program Files (x86)\Microsoft Visual Studio 11.0\VC\bin\link.exe /ERRORREPORT:PROMPT /OUT:"C:\Users\grigo\Desktop\BSc Games Programming\Year 1\Dai-Makai-Mura\Debug\Dai Makai Mura.exe" /INCREMENTAL /NOLOGO /LIBPATH:"C:\Users\grigo\Desktop\BSc Games Programming\Year 1\Dai-Makai-Mura\SFMLibrary\lib" kernel32.lib user32.lib gdi32.lib winspool.lib comdlg32.lib advapi32.lib shell32.lib ole32.lib oleaut32.lib uuid.lib odbc32.lib odbccp32.lib /MANIFEST /MANIFESTUAC:"level='asInvoker' uiAccess='false'" /manifest:embed /DEBUG /PDB:"C:\Users\grigo\Desktop\BSc Games Programming\Year 1\Dai-Makai-Mura\Debug\Dai Makai Mura.pdb" /SUBSYSTEM:WINDOWS /TLBID:1 /DYNAMICBASE /NXCOMPAT /IMPLIB:"C:\Users\grigo\Desktop\BSc Games Programming\Year 1\Dai-Makai-Mura\Debug\Dai Makai Mura.lib" /MACHINE:X86 Debug\App.obj
         Debug\Loader.obj
         Debug\GameMenuScreen.obj
         Debug\SplashScreen.obj
         Debug\Utils.obj
         Debug\main.obj
     1>Loader.obj : error LNK2019: unresolved external symbol "__declspec(dllimport) public: __thiscall sf::Texture::Texture(void)" (__imp_??0Texture@sf@@QAE@XZ) referenced in function "public: class sf::Sprite __thiscall Loader::loadSpriteFromTexture(class std::basic_string<char,struct std::char_traits<char>,class std::allocator<char> >,class std::basic_string<char,struct std::char_traits<char>,class std::allocator<char> >,class std::basic_string<char,struct std::char_traits<char>,class std::allocator<char> >)" (?loadSpriteFromTexture@Loader@@QAE?AVSprite@sf@@V?$basic_string@DU?$char_traits@D@std@@V?$allocator@D@2@@std@@00@Z)
     1>Loader.obj : error LNK2019: unresolved external symbol "__declspec(dllimport) public: __thiscall sf::Texture::Texture(class sf::Texture const &)" (__imp_??0Texture@sf@@QAE@ABV01@@Z) referenced in function "public: void __thiscall std::allocator<struct std::_List_node<class sf::Texture,void *> >::construct<class sf::Texture,class sf::Texture const &>(class sf::Texture *,class sf::Texture const &)" (??$construct@VTexture@sf@@ABV12@@?$allocator@U?$_List_node@VTexture@sf@@PAX@std@@@std@@QAEXPAVTexture@sf@@ABV23@@Z)
     1>Loader.obj : error LNK2019: unresolved external symbol "__declspec(dllimport) public: __thiscall sf::Texture::~Texture(void)" (__imp_??1Texture@sf@@QAE@XZ) referenced in function "public: class sf::Sprite __thiscall Loader::loadSpriteFromTexture(class std::basic_string<char,struct std::char_traits<char>,class std::allocator<char> >,class std::basic_string<char,struct std::char_traits<char>,class std::allocator<char> >,class std::basic_string<char,struct std::char_traits<char>,class std::allocator<char> >)" (?loadSpriteFromTexture@Loader@@QAE?AVSprite@sf@@V?$basic_string@DU?$char_traits@D@std@@V?$allocator@D@2@@std@@00@Z)
     1>SplashScreen.obj : error LNK2001: unresolved external symbol "__declspec(dllimport) public: __thiscall sf::Texture::~Texture(void)" (__imp_??1Texture@sf@@QAE@XZ)
     1>Loader.obj : error LNK2019: unresolved external symbol "__declspec(dllimport) public: bool __thiscall sf::Texture::loadFromFile(class std::basic_string<char,struct std::char_traits<char>,class std::allocator<char> > const &,class sf::Rect<int> const &)" (__imp_?loadFromFile@Texture@sf@@QAE_NABV?$basic_string@DU?$char_traits@D@std@@V?$allocator@D@2@@std@@ABV?$Rect@H@2@@Z) referenced in function "public: class sf::Sprite __thiscall Loader::loadSpriteFromTexture(class std::basic_string<char,struct std::char_traits<char>,class std::allocator<char> >,class std::basic_string<char,struct std::char_traits<char>,class std::allocator<char> >,class std::basic_string<char,struct std::char_traits<char>,class std::allocator<char> >)" (?loadSpriteFromTexture@Loader@@QAE?AVSprite@sf@@V?$basic_string@DU?$char_traits@D@std@@V?$allocator@D@2@@std@@00@Z)
     1>Loader.obj : error LNK2019: unresolved external symbol "__declspec(dllimport) public: __thiscall sf::Sprite::Sprite(class sf::Texture const &)" (__imp_??0Sprite@sf@@QAE@ABVTexture@1@@Z) referenced in function "public: class sf::Sprite __thiscall Loader::loadSpriteFromTexture(class std::basic_string<char,struct std::char_traits<char>,class std::allocator<char> >,class std::basic_string<char,struct std::char_traits<char>,class std::allocator<char> >,class std::basic_string<char,struct std::char_traits<char>,class std::allocator<char> >)" (?loadSpriteFromTexture@Loader@@QAE?AVSprite@sf@@V?$basic_string@DU?$char_traits@D@std@@V?$allocator@D@2@@std@@00@Z)
     1>Loader.obj : error LNK2019: unresolved external symbol "__declspec(dllimport) public: virtual __thiscall sf::Sprite::~Sprite(void)" (__imp_??1Sprite@sf@@UAE@XZ) referenced in function "public: class sf::Sprite __thiscall Loader::loadSpriteFromTexture(class std::basic_string<char,struct std::char_traits<char>,class std::allocator<char> >,class std::basic_string<char,struct std::char_traits<char>,class std::allocator<char> >,class std::basic_string<char,struct std::char_traits<char>,class std::allocator<char> >)" (?loadSpriteFromTexture@Loader@@QAE?AVSprite@sf@@V?$basic_string@DU?$char_traits@D@std@@V?$allocator@D@2@@std@@00@Z)
     1>SplashScreen.obj : error LNK2001: unresolved external symbol "__declspec(dllimport) public: virtual __thiscall sf::Sprite::~Sprite(void)" (__imp_??1Sprite@sf@@UAE@XZ)
     1>Loader.obj : error LNK2019: unresolved external symbol "__declspec(dllimport) public: __thiscall sf::Sprite::Sprite(class sf::Sprite const &)" (__imp_??0Sprite@sf@@QAE@ABV01@@Z) referenced in function "public: class sf::Sprite __thiscall Loader::loadSpriteFromTexture(class std::basic_string<char,struct std::char_traits<char>,class std::allocator<char> >,class std::basic_string<char,struct std::char_traits<char>,class std::allocator<char> >,class std::basic_string<char,struct std::char_traits<char>,class std::allocator<char> >)" (?loadSpriteFromTexture@Loader@@QAE?AVSprite@sf@@V?$basic_string@DU?$char_traits@D@std@@V?$allocator@D@2@@std@@00@Z)
     1>GameMenuScreen.obj : error LNK2019: unresolved external symbol "__declspec(dllimport) public: __thiscall sf::Color::Color(unsigned char,unsigned char,unsigned char,unsigned char)" (__imp_??0Color@sf@@QAE@EEEE@Z) referenced in function "public: __thiscall GameMenuScreen::GameMenuScreen(void)" (??0GameMenuScreen@@QAE@XZ)
     1>SplashScreen.obj : error LNK2001: unresolved external symbol "__declspec(dllimport) public: __thiscall sf::Color::Color(unsigned char,unsigned char,unsigned char,unsigned char)" (__imp_??0Color@sf@@QAE@EEEE@Z)
     1>main.obj : error LNK2001: unresolved external symbol "__declspec(dllimport) public: __thiscall sf::Color::Color(unsigned char,unsigned char,unsigned char,unsigned char)" (__imp_??0Color@sf@@QAE@EEEE@Z)
     1>GameMenuScreen.obj : error LNK2019: unresolved external symbol "__declspec(dllimport) public: void __thiscall sf::Shape::setFillColor(class sf::Color const &)" (__imp_?setFillColor@Shape@sf@@QAEXABVColor@2@@Z) referenced in function "public: __thiscall GameMenuScreen::GameMenuScreen(void)" (??0GameMenuScreen@@QAE@XZ)
     1>SplashScreen.obj : error LNK2001: unresolved external symbol "__declspec(dllimport) public: void __thiscall sf::Shape::setFillColor(class sf::Color const &)" (__imp_?setFillColor@Shape@sf@@QAEXABVColor@2@@Z)
     1>GameMenuScreen.obj : error LNK2019: unresolved external symbol "__declspec(dllimport) public: __thiscall sf::RectangleShape::RectangleShape(class sf::Vector2<float> const &)" (__imp_??0RectangleShape@sf@@QAE@ABV?$Vector2@M@1@@Z) referenced in function "public: __thiscall GameMenuScreen::GameMenuScreen(void)" (??0GameMenuScreen@@QAE@XZ)
     1>SplashScreen.obj : error LNK2001: unresolved external symbol "__declspec(dllimport) public: __thiscall sf::RectangleShape::RectangleShape(class sf::Vector2<float> const &)" (__imp_??0RectangleShape@sf@@QAE@ABV?$Vector2@M@1@@Z)
     1>GameMenuScreen.obj : error LNK2019: unresolved external symbol "__declspec(dllimport) public: void __thiscall sf::RectangleShape::setSize(class sf::Vector2<float> const &)" (__imp_?setSize@RectangleShape@sf@@QAEXABV?$Vector2@M@2@@Z) referenced in function "public: void __thiscall GameMenuScreen::draw(class sf::RenderWindow &)" (?draw@GameMenuScreen@@QAEXAAVRenderWindow@sf@@@Z)
     1>SplashScreen.obj : error LNK2001: unresolved external symbol "__declspec(dllimport) public: void __thiscall sf::RectangleShape::setSize(class sf::Vector2<float> const &)" (__imp_?setSize@RectangleShape@sf@@QAEXABV?$Vector2@M@2@@Z)
     1>GameMenuScreen.obj : error LNK2019: unresolved external symbol "__declspec(dllimport) public: virtual __thiscall sf::RectangleShape::~RectangleShape(void)" (__imp_??1RectangleShape@sf@@UAE@XZ) referenced in function "public: __thiscall GameMenuScreen::~GameMenuScreen(void)" (??1GameMenuScreen@@QAE@XZ)
     1>SplashScreen.obj : error LNK2001: unresolved external symbol "__declspec(dllimport) public: virtual __thiscall sf::RectangleShape::~RectangleShape(void)" (__imp_??1RectangleShape@sf@@UAE@XZ)
     1>GameMenuScreen.obj : error LNK2019: unresolved external symbol "__declspec(dllimport) public: void __thiscall sf::RenderTarget::draw(class sf::Drawable const &,class sf::RenderStates const &)" (__imp_?draw@RenderTarget@sf@@QAEXABVDrawable@2@ABVRenderStates@2@@Z) referenced in function "public: void __thiscall GameMenuScreen::draw(class sf::RenderWindow &)" (?draw@GameMenuScreen@@QAEXAAVRenderWindow@sf@@@Z)
     1>SplashScreen.obj : error LNK2001: unresolved external symbol "__declspec(dllimport) public: void __thiscall sf::RenderTarget::draw(class sf::Drawable const &,class sf::RenderStates const &)" (__imp_?draw@RenderTarget@sf@@QAEXABVDrawable@2@ABVRenderStates@2@@Z)
     1>GameMenuScreen.obj : error LNK2001: unresolved external symbol "__declspec(dllimport) public: static class sf::RenderStates const sf::RenderStates::Default" (__imp_?Default@RenderStates@sf@@2V12@B)
     1>SplashScreen.obj : error LNK2001: unresolved external symbol "__declspec(dllimport) public: static class sf::RenderStates const sf::RenderStates::Default" (__imp_?Default@RenderStates@sf@@2V12@B)
     1>SplashScreen.obj : error LNK2019: unresolved external symbol "__declspec(dllimport) public: void __thiscall sf::Transformable::setScale(float,float)" (__imp_?setScale@Transformable@sf@@QAEXMM@Z) referenced in function "public: void __thiscall SplashScreen::draw(class sf::RenderWindow &)" (?draw@SplashScreen@@QAEXAAVRenderWindow@sf@@@Z)
     1>SplashScreen.obj : error LNK2019: unresolved external symbol "__declspec(dllimport) public: __thiscall sf::Sprite::Sprite(void)" (__imp_??0Sprite@sf@@QAE@XZ) referenced in function "public: __thiscall SplashScreen::SplashScreen(void)" (??0SplashScreen@@QAE@XZ)
     1>main.obj : error LNK2019: unresolved external symbol "__declspec(dllimport) public: __thiscall sf::Time::Time(void)" (__imp_??0Time@sf@@QAE@XZ) referenced in function _main
     1>main.obj : error LNK2019: unresolved external symbol "__declspec(dllimport) public: float __thiscall sf::Time::asSeconds(void)const " (__imp_?asSeconds@Time@sf@@QBEMXZ) referenced in function "void __cdecl draw(void)" (?draw@@YAXXZ)
     1>main.obj : error LNK2019: unresolved external symbol "__declspec(dllimport) public: __thiscall sf::Clock::Clock(void)" (__imp_??0Clock@sf@@QAE@XZ) referenced in function _main
     1>main.obj : error LNK2019: unresolved external symbol "__declspec(dllimport) public: class sf::Time __thiscall sf::Clock::getElapsedTime(void)const " (__imp_?getElapsedTime@Clock@sf@@QBE?AVTime@2@XZ) referenced in function "void __cdecl draw(void)" (?draw@@YAXXZ)
     1>main.obj : error LNK2019: unresolved external symbol "__declspec(dllimport) public: class sf::Time __thiscall sf::Clock::restart(void)" (__imp_?restart@Clock@sf@@QAE?AVTime@2@XZ) referenced in function "void __cdecl init(void)" (?init@@YAXXZ)
     1>main.obj : error LNK2019: unresolved external symbol "__declspec(dllimport) public: __thiscall sf::String::String(char const *,class std::locale const &)" (__imp_??0String@sf@@QAE@PBDABVlocale@std@@@Z) referenced in function "void __cdecl `dynamic initializer for 'theGameWindow''(void)" (??__EtheGameWindow@@YAXXZ)
     1>main.obj : error LNK2019: unresolved external symbol "__declspec(dllimport) public: __thiscall sf::String::~String(void)" (__imp_??1String@sf@@QAE@XZ) referenced in function "void __cdecl `dynamic initializer for 'theGameWindow''(void)" (??__EtheGameWindow@@YAXXZ)
     1>main.obj : error LNK2019: unresolved external symbol "__declspec(dllimport) public: __thiscall sf::VideoMode::VideoMode(unsigned int,unsigned int,unsigned int)" (__imp_??0VideoMode@sf@@QAE@III@Z) referenced in function "void __cdecl `dynamic initializer for 'theGameWindow''(void)" (??__EtheGameWindow@@YAXXZ)
     1>main.obj : error LNK2019: unresolved external symbol "__declspec(dllimport) public: void __thiscall sf::Window::close(void)" (__imp_?close@Window@sf@@QAEXXZ) referenced in function "void __cdecl inputListener(void)" (?inputListener@@YAXXZ)
     1>main.obj : error LNK2019: unresolved external symbol "__declspec(dllimport) public: bool __thiscall sf::Window::isOpen(void)const " (__imp_?isOpen@Window@sf@@QBE_NXZ) referenced in function _main
     1>main.obj : error LNK2019: unresolved external symbol "__declspec(dllimport) public: bool __thiscall sf::Window::pollEvent(class sf::Event &)" (__imp_?pollEvent@Window@sf@@QAE_NAAVEvent@2@@Z) referenced in function "void __cdecl inputListener(void)" (?inputListener@@YAXXZ)
     1>main.obj : error LNK2019: unresolved external symbol "__declspec(dllimport) public: void __thiscall sf::Window::setFramerateLimit(unsigned int)" (__imp_?setFramerateLimit@Window@sf@@QAEXI@Z) referenced in function _main
     1>main.obj : error LNK2019: unresolved external symbol "__declspec(dllimport) public: void __thiscall sf::Window::display(void)" (__imp_?display@Window@sf@@QAEXXZ) referenced in function _main
     1>main.obj : error LNK2019: unresolved external symbol "__declspec(dllimport) public: void __thiscall sf::RenderTarget::clear(class sf::Color const &)" (__imp_?clear@RenderTarget@sf@@QAEXABVColor@2@@Z) referenced in function _main
     1>main.obj : error LNK2019: unresolved external symbol "__declspec(dllimport) public: __thiscall sf::RenderWindow::RenderWindow(class sf::VideoMode,class sf::String const &,unsigned int,struct sf::ContextSettings const &)" (__imp_??0RenderWindow@sf@@QAE@VVideoMode@1@ABVString@1@IABUContextSettings@1@@Z) referenced in function "void __cdecl `dynamic initializer for 'theGameWindow''(void)" (??__EtheGameWindow@@YAXXZ)
     1>main.obj : error LNK2019: unresolved external symbol "__declspec(dllimport) public: virtual __thiscall sf::RenderWindow::~RenderWindow(void)" (__imp_??1RenderWindow@sf@@UAE@XZ) referenced in function "void __cdecl `dynamic atexit destructor for 'theGameWindow''(void)" (??__FtheGameWindow@@YAXXZ)
     1>MSVCRTD.lib(crtexew.obj) : error LNK2019: unresolved external symbol _WinMain@16 referenced in function ___tmainCRTStartup
     1>C:\Users\grigo\Desktop\BSc Games Programming\Year 1\Dai-Makai-Mura\Debug\Dai Makai Mura.exe : fatal error LNK1120: 33 unresolved externals
     1>Done Building Project "C:\Users\grigo\Desktop\BSc Games Programming\Year 1\Dai-Makai-Mura\Dai Makai Mura.vcxproj" (Build target(s)) -- FAILED.

Build FAILED.

Time Elapsed 00:00:03.19
